<?xml version="1.0" encoding="UTF-8"?>
<!-- Generated by org.testng.reporters.JUnitXMLReporter -->
<testsuite ignored="0" hostname="LAPTOP-9H9I4M11" failures="0" tests="5" name="APIRESTAssuered" time="16.384" errors="0" timestamp="2022-09-04T00:33:25 GMT+03:00">
  <testcase classname="API.APITests" name="inValidAPIKey" time="2.716"/>
  <testcase classname="API.APITests" name="programTypeValidation" time="2.47"/>
  <testcase classname="API.APITests" name="promotionIdIsString" time="8.274"/>
  <testcase classname="API.APITests" name="propertiesPresentInJSON" time="1.98"/>
  <testcase classname="API.APITests" name="testRessponseCodeIs200" time="0.881"/>
</testsuite> <!-- APIRESTAssuered -->
