<?xml version="1.0" encoding="UTF-8"?>
<testng-results ignored="0" total="5" passed="5" failed="0" skipped="0">
  <reporter-output>
  </reporter-output>
  <suite started-at="2022-09-04T00:33:08 GMT+03:00" name="Default Suite" finished-at="2022-09-04T00:33:25 GMT+03:00" duration-ms="16384">
    <groups>
    </groups>
    <test started-at="2022-09-04T00:33:08 GMT+03:00" name="APIRESTAssuered" finished-at="2022-09-04T00:33:25 GMT+03:00" duration-ms="16384">
      <class name="API.APITests">
        <test-method signature="inValidAPIKey()[pri:0, instance:API.APITests@7fc2413d]" started-at="2022-09-04T00:33:08 GMT+03:00" name="inValidAPIKey" finished-at="2022-09-04T00:33:11 GMT+03:00" duration-ms="2716" status="PASS">
          <reporter-output>
          </reporter-output>
        </test-method> <!-- inValidAPIKey -->
        <test-method signature="programTypeValidation()[pri:0, instance:API.APITests@7fc2413d]" started-at="2022-09-04T00:33:11 GMT+03:00" name="programTypeValidation" finished-at="2022-09-04T00:33:14 GMT+03:00" duration-ms="2470" status="PASS">
          <reporter-output>
          </reporter-output>
        </test-method> <!-- programTypeValidation -->
        <test-method signature="promotionIdIsString()[pri:0, instance:API.APITests@7fc2413d]" started-at="2022-09-04T00:33:14 GMT+03:00" name="promotionIdIsString" finished-at="2022-09-04T00:33:22 GMT+03:00" duration-ms="8274" status="PASS">
          <reporter-output>
          </reporter-output>
        </test-method> <!-- promotionIdIsString -->
        <test-method signature="propertiesPresentInJSON()[pri:0, instance:API.APITests@7fc2413d]" started-at="2022-09-04T00:33:22 GMT+03:00" name="propertiesPresentInJSON" finished-at="2022-09-04T00:33:24 GMT+03:00" duration-ms="1980" status="PASS">
          <reporter-output>
          </reporter-output>
        </test-method> <!-- propertiesPresentInJSON -->
        <test-method signature="testRessponseCodeIs200()[pri:0, instance:API.APITests@7fc2413d]" started-at="2022-09-04T00:33:24 GMT+03:00" name="testRessponseCodeIs200" finished-at="2022-09-04T00:33:25 GMT+03:00" duration-ms="881" status="PASS">
          <reporter-output>
          </reporter-output>
        </test-method> <!-- testRessponseCodeIs200 -->
      </class> <!-- API.APITests -->
    </test> <!-- APIRESTAssuered -->
  </suite> <!-- Default Suite -->
</testng-results>
